sample/build/intermediates/manifest_merge_blame_file/release/manifest-merger-blame-release-report.txt
1<?xml version="1.0" encoding="utf-8"?>
2<manifest xmlns:android="http://schemas.android.com/apk/res/android"
3    package="com.yufeihua.pdfviewpager"
4    android:versionCode="1"
5    android:versionName="1.0" >
6
7    <uses-sdk
8        android:minSdkVersion="15"
8-->src\main\AndroidManifest.xml
9        android:targetSdkVersion="29" />
9-->[:library] AndroidManifest.xml:9:9-38
10
11    <uses-permission android:name="android.permission.INTERNET" />
11-->src\main\AndroidManifest.xml:7:5-67
11-->src\main\AndroidManifest.xml:7:22-64
12    <uses-permission android:name="android.permission.WRITE_EXTERNAL_STORAGE" />
12-->src\main\AndroidManifest.xml:8:5-81
12-->src\main\AndroidManifest.xml:8:22-78
13    <uses-permission android:name="android.permission.READ_EXTERNAL_STORAGE" />
13-->src\main\AndroidManifest.xml:9:5-80
13-->src\main\AndroidManifest.xml:9:22-77
14
15    <application
15-->src\main\AndroidManifest.xml:11:5-41:19
16        android:name="com.yufeihua.pdfviewpager.SampleApplication"
16-->src\main\AndroidManifest.xml:12:9-42
17        android:appComponentFactory="androidx.core.app.CoreComponentFactory"
17-->[androidx.core:core:1.3.0] AndroidManifest.xml:24:18-86
18        android:label="@string/app_name" >
18-->src\main\AndroidManifest.xml:13:9-41
19        <activity
19-->src\main\AndroidManifest.xml:14:9-22:20
20            android:name="com.yufeihua.pdfviewpager.MainActivity"
20-->src\main\AndroidManifest.xml:15:13-41
21            android:label="@string/app_name"
21-->src\main\AndroidManifest.xml:16:13-45
22            android:theme="@style/Base.Theme.AppCompat.Light.DarkActionBar" >
22-->src\main\AndroidManifest.xml:17:13-76
23            <intent-filter>
23-->src\main\AndroidManifest.xml:18:13-21:29
24                <action android:name="android.intent.action.MAIN" />
24-->src\main\AndroidManifest.xml:19:17-69
24-->src\main\AndroidManifest.xml:19:25-66
25
26                <category android:name="android.intent.category.LAUNCHER" />
26-->src\main\AndroidManifest.xml:20:17-77
26-->src\main\AndroidManifest.xml:20:27-74
27            </intent-filter>
28        </activity>
29        <activity
29-->src\main\AndroidManifest.xml:23:9-25:79
30            android:name="com.yufeihua.pdfviewpager.AssetOnXMLActivity"
30-->src\main\AndroidManifest.xml:24:13-47
31            android:theme="@style/Base.Theme.AppCompat.Light.DarkActionBar" />
31-->src\main\AndroidManifest.xml:25:13-76
32        <activity
32-->src\main\AndroidManifest.xml:26:9-28:79
33            android:name="com.yufeihua.pdfviewpager.AssetOnSDActivity"
33-->src\main\AndroidManifest.xml:27:13-46
34            android:theme="@style/Base.Theme.AppCompat.Light.DarkActionBar" />
34-->src\main\AndroidManifest.xml:28:13-76
35        <activity
35-->src\main\AndroidManifest.xml:29:9-31:79
36            android:name="com.yufeihua.pdfviewpager.RemotePDFActivity"
36-->src\main\AndroidManifest.xml:30:13-46
37            android:theme="@style/Base.Theme.AppCompat.Light.DarkActionBar" />
37-->src\main\AndroidManifest.xml:31:13-76
38        <activity
38-->src\main\AndroidManifest.xml:32:9-34:79
39            android:name="com.yufeihua.pdfviewpager.ZoomablePDFActivityPhotoView"
39-->src\main\AndroidManifest.xml:33:13-57
40            android:theme="@style/Base.Theme.AppCompat.Light.DarkActionBar" />
40-->src\main\AndroidManifest.xml:34:13-76
41        <activity
41-->src\main\AndroidManifest.xml:35:9-37:79
42            android:name="com.yufeihua.pdfviewpager.PDFWithScaleActivity"
42-->src\main\AndroidManifest.xml:36:13-49
43            android:theme="@style/Base.Theme.AppCompat.Light.DarkActionBar" />
43-->src\main\AndroidManifest.xml:37:13-76
44        <activity
44-->src\main\AndroidManifest.xml:38:9-40:79
45            android:name="com.yufeihua.pdfviewpager.InvalidPdfActivity"
45-->src\main\AndroidManifest.xml:39:13-47
46            android:theme="@style/Base.Theme.AppCompat.Light.DarkActionBar" />
46-->src\main\AndroidManifest.xml:40:13-76
47
48        <service
48-->[:library] AndroidManifest.xml:12:9-15:19
49            android:name="es.voghdev.pdfviewpager.library.service.CopyAssetService"
49-->[:library] AndroidManifest.xml:13:13-84
50            android:exported="false" >
50-->[:library] AndroidManifest.xml:14:13-37
51        </service>
52    </application>
53
54</manifest>